<?xml version="1.0" encoding="UTF-8"?>
<!-- Generated by org.testng.reporters.JUnitReportReporter -->
<testsuite hostname="DESKTOP-3Q09JMR" failures="0" tests="1" name="testClass.ActiTimeHearderTest" time="4.167" errors="0" timestamp="2022-02-10T21:24:55 IST" skipped="0">
  <testcase classname="testClass.ActiTimeHearderTest" name="TestToCheckHeader2" time="4.167"/>
  <system-out/>
</testsuite> <!-- testClass.ActiTimeHearderTest -->
